npm warn config optional Use `--omit=optional` to exclude optional dependencies, or
npm warn config `--include=optional` to include them.
npm warn config
npm warn config       Default value does install optional deps unless otherwise omitted.

> bandev@1.0.0 dev
> next dev

   ▲ Next.js 15.5.4
   - Local:        http://localhost:3000
   - Network:      http://10.2.0.2:3000
   - Environments: .env
   - Experiments (use with caution):
     ✓ scrollRestoration
     · optimizePackageImports

 ✓ Starting...
 ✓ Ready in 1901ms
 ○ Compiling / ...
Request timed out after 3000ms

Retrying 1/3...
Request timed out after 3000ms

Retrying 1/3...
Request timed out after 3000ms

Retrying 1/3...
Request timed out after 3000ms

Retrying 1/3...
Request timed out after 3000ms

Retrying 1/3...
Request timed out after 3000ms

Retrying 1/3...
Request timed out after 3000ms

Retrying 1/3...
 ✓ Compiled / in 10.2s (1530 modules)
 GET / 200 in 11826ms
 GET / 200 in 707ms
 GET / 200 in 6291ms
 GET / 200 in 6289ms
 GET / 200 in 6363ms
 GET / 200 in 5229ms
 GET / 200 in 5232ms
 GET / 200 in 5238ms
 GET / 200 in 6411ms
 ✓ Compiled in 497ms (649 modules)
 ✓ Compiled in 297ms (649 modules)
 ✓ Compiled /_not-found in 453ms (1471 modules)
 GET / 404 in 1479ms
 ⨯ [Error: ENOENT: no such file or directory, open 'C:\Users\Banic\Documents\siteperso\.next\server\app\page.js'] {
  errno: -4058,
  code: 'ENOENT',
  syscall: 'open',
  path: 'C:\\Users\\Banic\\Documents\\siteperso\\.next\\server\\app\\page.js',
  page: '/'
}
 ○ Compiling /_error ...
 ✓ Compiled /_error in 2.8s (1811 modules)
 GET / 500 in 3521ms
 GET / 200 in 1468ms
 GET / 200 in 1050ms
 GET / 200 in 993ms
 GET / 200 in 1112ms
 GET / 200 in 1004ms
 GET / 200 in 1156ms
